<?xml version="1.0" encoding="UTF-8"?>
<testsuite name="com.nbw.blue.springboot.domain.users.UsersRepositoryTest" tests="1" skipped="0" failures="0" errors="0" timestamp="2020-03-02T01:09:53" hostname="Nambyungwook-MacBookPro.local" time="0.408">
  <properties/>
  <testcase name="BaseTimeEntity_등록" classname="com.nbw.blue.springboot.domain.users.UsersRepositoryTest" time="0.408"/>
  <system-out><![CDATA[10:09:50.213 [Test worker] DEBUG org.springframework.test.context.junit4.SpringJUnit4ClassRunner - SpringJUnit4ClassRunner constructor called with [class com.nbw.blue.springboot.domain.users.UsersRepositoryTest]
10:09:50.219 [Test worker] DEBUG org.springframework.test.context.BootstrapUtils - Instantiating CacheAwareContextLoaderDelegate from class [org.springframework.test.context.cache.DefaultCacheAwareContextLoaderDelegate]
10:09:50.224 [Test worker] DEBUG org.springframework.test.context.BootstrapUtils - Instantiating BootstrapContext using constructor [public org.springframework.test.context.support.DefaultBootstrapContext(java.lang.Class,org.springframework.test.context.CacheAwareContextLoaderDelegate)]
10:09:50.240 [Test worker] DEBUG org.springframework.test.context.BootstrapUtils - Instantiating TestContextBootstrapper for test class [com.nbw.blue.springboot.domain.users.UsersRepositoryTest] from class [org.springframework.boot.test.context.SpringBootTestContextBootstrapper]
10:09:50.249 [Test worker] INFO org.springframework.boot.test.context.SpringBootTestContextBootstrapper - Neither @ContextConfiguration nor @ContextHierarchy found for test class [com.nbw.blue.springboot.domain.users.UsersRepositoryTest], using SpringBootContextLoader
10:09:50.252 [Test worker] DEBUG org.springframework.test.context.support.AbstractContextLoader - Did not detect default resource location for test class [com.nbw.blue.springboot.domain.users.UsersRepositoryTest]: class path resource [com/nbw/blue/springboot/domain/users/UsersRepositoryTest-context.xml] does not exist
10:09:50.252 [Test worker] DEBUG org.springframework.test.context.support.AbstractContextLoader - Did not detect default resource location for test class [com.nbw.blue.springboot.domain.users.UsersRepositoryTest]: class path resource [com/nbw/blue/springboot/domain/users/UsersRepositoryTestContext.groovy] does not exist
10:09:50.252 [Test worker] INFO org.springframework.test.context.support.AbstractContextLoader - Could not detect default resource locations for test class [com.nbw.blue.springboot.domain.users.UsersRepositoryTest]: no resource found for suffixes {-context.xml, Context.groovy}.
10:09:50.253 [Test worker] INFO org.springframework.test.context.support.AnnotationConfigContextLoaderUtils - Could not detect default configuration classes for test class [com.nbw.blue.springboot.domain.users.UsersRepositoryTest]: UsersRepositoryTest does not declare any static, non-private, non-final, nested classes annotated with @Configuration.
10:09:50.282 [Test worker] DEBUG org.springframework.test.context.support.ActiveProfilesUtils - Could not find an 'annotation declaring class' for annotation type [org.springframework.test.context.ActiveProfiles] and class [com.nbw.blue.springboot.domain.users.UsersRepositoryTest]
10:09:50.333 [Test worker] DEBUG org.springframework.context.annotation.ClassPathScanningCandidateComponentProvider - Identified candidate component class: file [/Users/nambyeong-ug/Desktop/Study/SpringBoot/blue/build/classes/java/main/com/nbw/blue/springboot/Application.class]
10:09:50.333 [Test worker] INFO org.springframework.boot.test.context.SpringBootTestContextBootstrapper - Found @SpringBootConfiguration com.nbw.blue.springboot.Application for test class com.nbw.blue.springboot.domain.users.UsersRepositoryTest
10:09:50.400 [Test worker] DEBUG org.springframework.boot.test.context.SpringBootTestContextBootstrapper - @TestExecutionListeners is not present for class [com.nbw.blue.springboot.domain.users.UsersRepositoryTest]: using defaults.
10:09:50.401 [Test worker] INFO org.springframework.boot.test.context.SpringBootTestContextBootstrapper - Loaded default TestExecutionListener class names from location [META-INF/spring.factories]: [org.springframework.boot.test.autoconfigure.restdocs.RestDocsTestExecutionListener, org.springframework.boot.test.autoconfigure.web.client.MockRestServiceServerResetTestExecutionListener, org.springframework.boot.test.autoconfigure.web.servlet.MockMvcPrintOnlyOnFailureTestExecutionListener, org.springframework.boot.test.autoconfigure.web.servlet.WebDriverTestExecutionListener, org.springframework.boot.test.mock.mockito.MockitoTestExecutionListener, org.springframework.boot.test.mock.mockito.ResetMocksTestExecutionListener, org.springframework.test.context.web.ServletTestExecutionListener, org.springframework.test.context.support.DirtiesContextBeforeModesTestExecutionListener, org.springframework.test.context.support.DependencyInjectionTestExecutionListener, org.springframework.test.context.support.DirtiesContextTestExecutionListener, org.springframework.test.context.transaction.TransactionalTestExecutionListener, org.springframework.test.context.jdbc.SqlScriptsTestExecutionListener]
10:09:50.412 [Test worker] INFO org.springframework.boot.test.context.SpringBootTestContextBootstrapper - Using TestExecutionListeners: [org.springframework.test.context.web.ServletTestExecutionListener@6cbcd07f, org.springframework.test.context.support.DirtiesContextBeforeModesTestExecutionListener@65927c38, org.springframework.boot.test.mock.mockito.MockitoTestExecutionListener@25638219, org.springframework.boot.test.autoconfigure.SpringBootDependencyInjectionTestExecutionListener@58eb2ba8, org.springframework.test.context.support.DirtiesContextTestExecutionListener@525e27e2, org.springframework.test.context.transaction.TransactionalTestExecutionListener@24dbe22d, org.springframework.test.context.jdbc.SqlScriptsTestExecutionListener@1d91cfe5, org.springframework.boot.test.autoconfigure.restdocs.RestDocsTestExecutionListener@1ca60194, org.springframework.boot.test.autoconfigure.web.client.MockRestServiceServerResetTestExecutionListener@3f6454d5, org.springframework.boot.test.autoconfigure.web.servlet.MockMvcPrintOnlyOnFailureTestExecutionListener@44d5039e, org.springframework.boot.test.autoconfigure.web.servlet.WebDriverTestExecutionListener@57281206, org.springframework.boot.test.mock.mockito.ResetMocksTestExecutionListener@7bae03d6]
10:09:50.414 [Test worker] DEBUG org.springframework.test.annotation.ProfileValueUtils - Retrieved @ProfileValueSourceConfiguration [null] for test class [com.nbw.blue.springboot.domain.users.UsersRepositoryTest]
10:09:50.414 [Test worker] DEBUG org.springframework.test.annotation.ProfileValueUtils - Retrieved ProfileValueSource type [class org.springframework.test.annotation.SystemProfileValueSource] for class [com.nbw.blue.springboot.domain.users.UsersRepositoryTest]
10:09:50.416 [Test worker] DEBUG org.springframework.test.annotation.ProfileValueUtils - Retrieved @ProfileValueSourceConfiguration [null] for test class [com.nbw.blue.springboot.domain.users.UsersRepositoryTest]
10:09:50.417 [Test worker] DEBUG org.springframework.test.annotation.ProfileValueUtils - Retrieved ProfileValueSource type [class org.springframework.test.annotation.SystemProfileValueSource] for class [com.nbw.blue.springboot.domain.users.UsersRepositoryTest]
10:09:50.417 [Test worker] DEBUG org.springframework.test.annotation.ProfileValueUtils - Retrieved @ProfileValueSourceConfiguration [null] for test class [com.nbw.blue.springboot.domain.users.UsersRepositoryTest]
10:09:50.417 [Test worker] DEBUG org.springframework.test.annotation.ProfileValueUtils - Retrieved ProfileValueSource type [class org.springframework.test.annotation.SystemProfileValueSource] for class [com.nbw.blue.springboot.domain.users.UsersRepositoryTest]
10:09:50.420 [Test worker] DEBUG org.springframework.test.context.support.AbstractDirtiesContextTestExecutionListener - Before test class: context [DefaultTestContext@663e77d8 testClass = UsersRepositoryTest, testInstance = [null], testMethod = [null], testException = [null], mergedContextConfiguration = [WebMergedContextConfiguration@308c12a5 testClass = UsersRepositoryTest, locations = '{}', classes = '{class com.nbw.blue.springboot.Application}', contextInitializerClasses = '[]', activeProfiles = '{}', propertySourceLocations = '{}', propertySourceProperties = '{org.springframework.boot.test.context.SpringBootTestContextBootstrapper=true}', contextCustomizers = set[org.springframework.boot.test.autoconfigure.properties.PropertyMappingContextCustomizer@0, org.springframework.boot.test.autoconfigure.web.servlet.WebDriverContextCustomizerFactory$Customizer@1d76539, org.springframework.boot.test.context.filter.ExcludeFilterContextCustomizer@7ddd30d2, org.springframework.boot.test.json.DuplicateJsonObjectContextCustomizerFactory$DuplicateJsonObjectContextCustomizer@212c8d19, org.springframework.boot.test.mock.mockito.MockitoContextCustomizer@0, org.springframework.boot.test.web.client.TestRestTemplateContextCustomizer@4f2c0771], resourceBasePath = 'src/main/webapp', contextLoader = 'org.springframework.boot.test.context.SpringBootContextLoader', parent = [null]], attributes = map['org.springframework.test.context.web.ServletTestExecutionListener.activateListener' -> true]], class annotated with @DirtiesContext [false] with mode [null].
10:09:50.420 [Test worker] DEBUG org.springframework.test.annotation.ProfileValueUtils - Retrieved @ProfileValueSourceConfiguration [null] for test class [com.nbw.blue.springboot.domain.users.UsersRepositoryTest]
10:09:50.420 [Test worker] DEBUG org.springframework.test.annotation.ProfileValueUtils - Retrieved ProfileValueSource type [class org.springframework.test.annotation.SystemProfileValueSource] for class [com.nbw.blue.springboot.domain.users.UsersRepositoryTest]
10:09:50.438 [Test worker] DEBUG org.springframework.test.context.support.TestPropertySourceUtils - Adding inlined properties to environment: {spring.jmx.enabled=false, org.springframework.boot.test.context.SpringBootTestContextBootstrapper=true, server.port=-1}

  .   ____          _            __ _ _
 /\\ / ___'_ __ _ _(_)_ __  __ _ \ \ \ \
( ( )\___ | '_ | '_| | '_ \/ _` | \ \ \ \
 \\/  ___)| |_)| | | | | || (_| |  ) ) ) )
  '  |____| .__|_| |_|_| |_\__, | / / / /
 =========|_|==============|___/=/_/_/_/
 :: Spring Boot ::        (v2.1.7.RELEASE)

2020-03-02 10:09:50.737  INFO 2826 --- [    Test worker] c.n.b.s.d.users.UsersRepositoryTest      : Starting UsersRepositoryTest on Nambyungwook-MacBookPro.local with PID 2826 (started by nambyeong-ug in /Users/nambyeong-ug/Desktop/Study/SpringBoot/blue)
2020-03-02 10:09:50.738  INFO 2826 --- [    Test worker] c.n.b.s.d.users.UsersRepositoryTest      : No active profile set, falling back to default profiles: default
2020-03-02 10:09:51.160  INFO 2826 --- [    Test worker] .s.d.r.c.RepositoryConfigurationDelegate : Bootstrapping Spring Data repositories in DEFAULT mode.
2020-03-02 10:09:51.216  INFO 2826 --- [    Test worker] .s.d.r.c.RepositoryConfigurationDelegate : Finished Spring Data repository scanning in 49ms. Found 1 repository interfaces.
2020-03-02 10:09:51.518  INFO 2826 --- [    Test worker] trationDelegate$BeanPostProcessorChecker : Bean 'org.springframework.transaction.annotation.ProxyTransactionManagementConfiguration' of type [org.springframework.transaction.annotation.ProxyTransactionManagementConfiguration$$EnhancerBySpringCGLIB$$3a90a9c5] is not eligible for getting processed by all BeanPostProcessors (for example: not eligible for auto-proxying)
2020-03-02 10:09:51.685  INFO 2826 --- [    Test worker] com.zaxxer.hikari.HikariDataSource       : HikariPool-1 - Starting...
2020-03-02 10:09:51.870  INFO 2826 --- [    Test worker] com.zaxxer.hikari.HikariDataSource       : HikariPool-1 - Start completed.
2020-03-02 10:09:51.931  INFO 2826 --- [    Test worker] o.hibernate.jpa.internal.util.LogHelper  : HHH000204: Processing PersistenceUnitInfo [
	name: default
	...]
2020-03-02 10:09:51.990  INFO 2826 --- [    Test worker] org.hibernate.Version                    : HHH000412: Hibernate Core {5.3.10.Final}
2020-03-02 10:09:51.991  INFO 2826 --- [    Test worker] org.hibernate.cfg.Environment            : HHH000206: hibernate.properties not found
2020-03-02 10:09:52.088  INFO 2826 --- [    Test worker] o.hibernate.annotations.common.Version   : HCANN000001: Hibernate Commons Annotations {5.0.4.Final}
2020-03-02 10:09:52.191  INFO 2826 --- [    Test worker] org.hibernate.dialect.Dialect            : HHH000400: Using dialect: org.hibernate.dialect.H2Dialect
Hibernate: drop table users if exists
Hibernate: create table users (id bigint generated by default as identity, created_date timestamp, modified_date timestamp, appdoc_index bigint, birthday varchar(10), email varchar(30) not null, gender varchar(1), income integer, interest varchar(255), job varchar(20), local varchar(30), name varchar(255), phone varchar(13), pwd varchar(15) not null, sign_token varchar(255), sign_type varchar(255), primary key (id))
2020-03-02 10:09:52.673  INFO 2826 --- [    Test worker] o.h.t.schema.internal.SchemaCreatorImpl  : HHH000476: Executing import script 'org.hibernate.tool.schema.internal.exec.ScriptSourceInputNonExistentImpl@5666345e'
2020-03-02 10:09:52.676  INFO 2826 --- [    Test worker] j.LocalContainerEntityManagerFactoryBean : Initialized JPA EntityManagerFactory for persistence unit 'default'
2020-03-02 10:09:53.334  INFO 2826 --- [    Test worker] o.s.s.concurrent.ThreadPoolTaskExecutor  : Initializing ExecutorService 'applicationTaskExecutor'
2020-03-02 10:09:53.383  WARN 2826 --- [    Test worker] aWebConfiguration$JpaWebMvcConfiguration : spring.jpa.open-in-view is enabled by default. Therefore, database queries may be performed during view rendering. Explicitly configure spring.jpa.open-in-view to disable this warning
2020-03-02 10:09:53.629  INFO 2826 --- [    Test worker] c.n.b.s.d.users.UsersRepositoryTest      : Started UsersRepositoryTest in 3.182 seconds (JVM running for 3.869)
Hibernate: insert into users (id, created_date, modified_date, appdoc_index, birthday, email, gender, income, interest, job, local, name, phone, pwd, sign_token, sign_type) values (null, ?, ?, ?, ?, ?, ?, ?, ?, ?, ?, ?, ?, ?, ?, ?)
2020-03-02 10:09:53.923  INFO 2826 --- [    Test worker] o.h.h.i.QueryTranslatorFactoryInitiator  : HHH000397: Using ASTQueryTranslatorFactory
Hibernate: select users0_.id as id1_0_, users0_.created_date as created_2_0_, users0_.modified_date as modified3_0_, users0_.appdoc_index as appdoc_i4_0_, users0_.birthday as birthday5_0_, users0_.email as email6_0_, users0_.gender as gender7_0_, users0_.income as income8_0_, users0_.interest as interest9_0_, users0_.job as job10_0_, users0_.local as local11_0_, users0_.name as name12_0_, users0_.phone as phone13_0_, users0_.pwd as pwd14_0_, users0_.sign_token as sign_to15_0_, users0_.sign_type as sign_ty16_0_ from users users0_
>>>>>>>>>> createDate=2020-03-02T10:09:53.737, modifiedDate=2020-03-02T10:09:53.737
Hibernate: select users0_.id as id1_0_, users0_.created_date as created_2_0_, users0_.modified_date as modified3_0_, users0_.appdoc_index as appdoc_i4_0_, users0_.birthday as birthday5_0_, users0_.email as email6_0_, users0_.gender as gender7_0_, users0_.income as income8_0_, users0_.interest as interest9_0_, users0_.job as job10_0_, users0_.local as local11_0_, users0_.name as name12_0_, users0_.phone as phone13_0_, users0_.pwd as pwd14_0_, users0_.sign_token as sign_to15_0_, users0_.sign_type as sign_ty16_0_ from users users0_
Hibernate: delete from users where id=?
]]></system-out>
  <system-err><![CDATA[]]></system-err>
</testsuite>
